<?xml version="1.0" encoding="UTF-8"?>
<robot generator="Robot 3.2.1 (Python 3.7.6 on win32)" generated="20200617 20:33:33.832" rpa="false">
<suite id="s1" name="Smoke One" source="D:\gcy\linkoop-auto-test\linkoopdb\smoke\test\CORE_基础JOIN\smoke_one.robot">
<test id="s1-t1" name="SCHEMATEST">
<kw name="SQL Test Setup" library="SetupRobot" type="setup">
<kw name="Run Keyword And Continue On Failure" library="BuiltIn">
<doc>Runs the keyword and continues execution even if a failure occurs.</doc>
<arguments>
<arg>Dummy Test</arg>
</arguments>
<kw name="Dummy Test" library="SetupRobot">
<kw name="Log To Console" library="BuiltIn">
<doc>Logs the given message to the console.</doc>
<arguments>
<arg>""</arg>
</arguments>
<status status="PASS" starttime="20200617 20:33:34.338" endtime="20200617 20:33:34.338"></status>
</kw>
<status status="PASS" starttime="20200617 20:33:34.338" endtime="20200617 20:33:34.338"></status>
</kw>
<status status="PASS" starttime="20200617 20:33:34.338" endtime="20200617 20:33:34.338"></status>
</kw>
<kw name="SQLCli Break When Error" library="RunSQLCli">
<doc>设置是否在遇到错误的时候中断该Case的后续运行</doc>
<arguments>
<arg>False</arg>
</arguments>
<status status="PASS" starttime="20200617 20:33:34.339" endtime="20200617 20:33:34.340"></status>
</kw>
<kw name="Compare Break When Difference" library="RunCompare">
<doc>设置是否在遇到错误的时候中断该Case的后续运行</doc>
<arguments>
<arg>True</arg>
</arguments>
<status status="PASS" starttime="20200617 20:33:34.340" endtime="20200617 20:33:34.340"></status>
</kw>
<kw name="SQLCli Enable ConsoleOutput" library="RunSQLCli">
<doc>设置是否在在屏幕上显示SQL的执行过程</doc>
<arguments>
<arg>False</arg>
</arguments>
<status status="PASS" starttime="20200617 20:33:34.340" endtime="20200617 20:33:34.340"></status>
</kw>
<kw name="Compare Enable ConsoleOutput" library="RunCompare">
<doc>设置是否在在屏幕上显示Dif文件的内容</doc>
<arguments>
<arg>True</arg>
</arguments>
<status status="PASS" starttime="20200617 20:33:34.340" endtime="20200617 20:33:34.340"></status>
</kw>
<kw name="Compare Ignore EmptyLine" library="RunCompare">
<doc>设置是否在比对的时候忽略空白行</doc>
<arguments>
<arg>True</arg>
</arguments>
<status status="PASS" starttime="20200617 20:33:34.340" endtime="20200617 20:33:34.340"></status>
</kw>
<kw name="Compare Mask" library="RunCompare">
<doc>设置是否在比对的时候考虑正则表达式</doc>
<arguments>
<arg>True</arg>
</arguments>
<status status="PASS" starttime="20200617 20:33:34.341" endtime="20200617 20:33:34.341"></status>
</kw>
<kw name="Compare IgnoreCase" library="RunCompare">
<doc>设置是否在比对的时候忽略大小写</doc>
<arguments>
<arg>False</arg>
</arguments>
<status status="PASS" starttime="20200617 20:33:34.341" endtime="20200617 20:33:34.341"></status>
</kw>
<kw name="Compare IgnoreTailOrHeadBlank" library="RunCompare">
<doc>设置是否在比对的时候忽略行首和行末的空格</doc>
<arguments>
<arg>False</arg>
</arguments>
<status status="PASS" starttime="20200617 20:33:34.341" endtime="20200617 20:33:34.341"></status>
</kw>
<kw name="Compare Skip" library="RunCompare">
<doc>设置是否在比对的时候忽略某些特殊行</doc>
<arguments>
<arg>Running time elapsed.*</arg>
</arguments>
<status status="PASS" starttime="20200617 20:33:34.341" endtime="20200617 20:33:34.341"></status>
</kw>
<kw name="Compare Skip" library="RunCompare">
<doc>设置是否在比对的时候忽略某些特殊行</doc>
<arguments>
<arg>Current clock time.*</arg>
</arguments>
<status status="PASS" starttime="20200617 20:33:34.341" endtime="20200617 20:33:34.342"></status>
</kw>
<kw name="Compare Skip" library="RunCompare">
<doc>设置是否在比对的时候忽略某些特殊行</doc>
<arguments>
<arg>REWROTED.*</arg>
</arguments>
<status status="PASS" starttime="20200617 20:33:34.342" endtime="20200617 20:33:34.342"></status>
</kw>
<kw name="Compare Skip" library="RunCompare">
<doc>设置是否在比对的时候忽略某些特殊行</doc>
<arguments>
<arg>SQLCli Release .*</arg>
</arguments>
<status status="PASS" starttime="20200617 20:33:34.342" endtime="20200617 20:33:34.342"></status>
</kw>
<kw name="Compare Skip" library="RunCompare">
<doc>设置是否在比对的时候忽略某些特殊行</doc>
<arguments>
<arg>SQL\&gt; start .*</arg>
</arguments>
<status status="PASS" starttime="20200617 20:33:34.342" endtime="20200617 20:33:34.342"></status>
</kw>
<kw name="Compare Reset FailedCount" library="RunCompare">
<doc>清零之前统计的日志比对失败次数</doc>
<status status="PASS" starttime="20200617 20:33:34.342" endtime="20200617 20:33:34.342"></status>
</kw>
<kw name="SetupRoot CD CurrentDirectory" library="SetupRobot">
<arguments>
<arg>${SUITE SOURCE}</arg>
</arguments>
<status status="PASS" starttime="20200617 20:33:34.343" endtime="20200617 20:33:34.343"></status>
</kw>
<status status="PASS" starttime="20200617 20:33:34.337" endtime="20200617 20:33:34.343"></status>
</kw>
<kw name="Logon And Execute SQL Script" library="RunSQLCli">
<doc>执行SQL脚本</doc>
<arguments>
<arg>admin/123456</arg>
<arg>F041-01 Inner join (but not necessarily the INNER keyword).sql</arg>
</arguments>
<msg timestamp="20200617 20:33:34.343" level="INFO">===== Execute   [F041-01 Inner join (but not necessarily the INNER keyword).sql] ========</msg>
<msg timestamp="20200617 20:33:34.343" level="INFO">===== LogFile   [D:\gcy\linkoop-auto-test\linkoopdb\regression\work\F041-01 Inner join (but not necessarily the INNER keyword).log] ========</msg>
<msg timestamp="20200617 20:33:34.343" level="INFO">===== BreakMode [False] ========</msg>
<status status="PASS" starttime="20200617 20:33:34.343" endtime="20200617 20:33:46.786"></status>
</kw>
<kw name="Logon And Execute SQL Script" library="RunSQLCli">
<doc>执行SQL脚本</doc>
<arguments>
<arg>admin/123456</arg>
<arg>F041-02 INNER keyword.sql</arg>
</arguments>
<msg timestamp="20200617 20:33:46.786" level="INFO">===== Execute   [F041-02 INNER keyword.sql] ========</msg>
<msg timestamp="20200617 20:33:46.786" level="INFO">===== LogFile   [D:\gcy\linkoop-auto-test\linkoopdb\regression\work\F041-02 INNER keyword.log] ========</msg>
<msg timestamp="20200617 20:33:46.786" level="INFO">===== BreakMode [False] ========</msg>
<status status="PASS" starttime="20200617 20:33:46.786" endtime="20200617 20:33:59.690"></status>
</kw>
<kw name="Logon And Execute SQL Script" library="RunSQLCli">
<doc>执行SQL脚本</doc>
<arguments>
<arg>admin/123456</arg>
<arg>F041-03 LEFT OUTER JOIN.sql</arg>
</arguments>
<msg timestamp="20200617 20:33:59.691" level="INFO">===== Execute   [F041-03 LEFT OUTER JOIN.sql] ========</msg>
<msg timestamp="20200617 20:33:59.691" level="INFO">===== LogFile   [D:\gcy\linkoop-auto-test\linkoopdb\regression\work\F041-03 LEFT OUTER JOIN.log] ========</msg>
<msg timestamp="20200617 20:33:59.691" level="INFO">===== BreakMode [False] ========</msg>
<status status="PASS" starttime="20200617 20:33:59.691" endtime="20200617 20:34:11.140"></status>
</kw>
<kw name="Logon And Execute SQL Script" library="RunSQLCli">
<doc>执行SQL脚本</doc>
<arguments>
<arg>admin/123456</arg>
<arg>F041-04 RIGHT OUTER JOIN.sql</arg>
</arguments>
<msg timestamp="20200617 20:34:11.140" level="INFO">===== Execute   [F041-04 RIGHT OUTER JOIN.sql] ========</msg>
<msg timestamp="20200617 20:34:11.141" level="INFO">===== LogFile   [D:\gcy\linkoop-auto-test\linkoopdb\regression\work\F041-04 RIGHT OUTER JOIN.log] ========</msg>
<msg timestamp="20200617 20:34:11.141" level="INFO">===== BreakMode [False] ========</msg>
<status status="PASS" starttime="20200617 20:34:11.140" endtime="20200617 20:34:21.983"></status>
</kw>
<kw name="Logon And Execute SQL Script" library="RunSQLCli">
<doc>执行SQL脚本</doc>
<arguments>
<arg>admin/123456</arg>
<arg>F041-05 Outer joins can be nested.sql</arg>
</arguments>
<msg timestamp="20200617 20:34:21.985" level="INFO">===== Execute   [F041-05 Outer joins can be nested.sql] ========</msg>
<msg timestamp="20200617 20:34:21.985" level="INFO">===== LogFile   [D:\gcy\linkoop-auto-test\linkoopdb\regression\work\F041-05 Outer joins can be nested.log] ========</msg>
<msg timestamp="20200617 20:34:21.985" level="INFO">===== BreakMode [False] ========</msg>
<status status="PASS" starttime="20200617 20:34:21.984" endtime="20200617 20:34:40.583"></status>
</kw>
<kw name="Logon And Execute SQL Script" library="RunSQLCli">
<doc>执行SQL脚本</doc>
<arguments>
<arg>admin/123456</arg>
<arg>F041-07 The inner table in a left or right outer join can also be used in an inner join.sql</arg>
</arguments>
<msg timestamp="20200617 20:34:40.584" level="INFO">===== Execute   [F041-07 The inner table in a left or right outer join can also be used in an inner join.sql] ========</msg>
<msg timestamp="20200617 20:34:40.584" level="INFO">===== LogFile   [D:\gcy\linkoop-auto-test\linkoopdb\regression\work\F041-07 The inner table in a left or right outer join can also be used in an inner join.log] ========</msg>
<msg timestamp="20200617 20:34:40.584" level="INFO">===== BreakMode [False] ========</msg>
<status status="PASS" starttime="20200617 20:34:40.584" endtime="20200617 20:34:58.975"></status>
</kw>
<kw name="Logon And Execute SQL Script" library="RunSQLCli">
<doc>执行SQL脚本</doc>
<arguments>
<arg>admin/123456</arg>
<arg>E091-07 All comparison operators are supported.sql</arg>
</arguments>
<msg timestamp="20200617 20:34:58.975" level="INFO">Skip T_SOURCE check. not defined.</msg>
<msg timestamp="20200617 20:34:58.976" level="FAIL">Script [E091-07 All comparison operators are supported.sql] does not exist.</msg>
<status status="FAIL" starttime="20200617 20:34:58.975" endtime="20200617 20:34:58.976"></status>
</kw>
<kw name="SQL Test Clnup" library="SetupRobot" type="teardown">
<kw name="Compare Check Result" library="RunCompare">
<doc>检查日志比对的失败次数，如果不是0，即抛出异常</doc>
<status status="PASS" starttime="20200617 20:34:58.976" endtime="20200617 20:34:58.977"></status>
</kw>
<status status="PASS" starttime="20200617 20:34:58.976" endtime="20200617 20:34:58.977"></status>
</kw>
<doc>冒烟测试</doc>
<tags>
<tag>smoke test</tag>
<tag>SQL-Test</tag>
</tags>
<status status="FAIL" starttime="20200617 20:33:34.337" endtime="20200617 20:34:58.977" critical="yes">Script [E091-07 All comparison operators are supported.sql] does not exist.</status>
</test>
<doc>RobotFrameWork文档实例
这里的文档内容会出现在报告里面</doc>
<status status="FAIL" starttime="20200617 20:33:33.834" endtime="20200617 20:34:58.977"></status>
</suite>
<statistics>
<total>
<stat pass="0" fail="1">Critical Tests</stat>
<stat pass="0" fail="1">All Tests</stat>
</total>
<tag>
<stat pass="0" fail="1">smoke test</stat>
<stat pass="0" fail="1">SQL-Test</stat>
</tag>
<suite>
<stat pass="0" fail="1" id="s1" name="Smoke One">Smoke One</stat>
</suite>
</statistics>
<errors>
</errors>
</robot>
