<?xml version="1.0" encoding="UTF-8"?>
<robot generator="Robot 3.2.1 (Python 3.7.6 on win32)" generated="20200619 17:23:59.062" rpa="false">
<suite id="s1" name="Smoke One" source="D:\gcy\linkoop-auto-test\linkoopdb\smoke\test\smoke_one.robot">
<test id="s1-t1" name="SCHEMATEST">
<kw name="SQL Test Setup" library="SetupRobot" type="setup">
<kw name="Run Keyword And Continue On Failure" library="BuiltIn">
<doc>Runs the keyword and continues execution even if a failure occurs.</doc>
<arguments>
<arg>Dummy Test</arg>
</arguments>
<kw name="Dummy Test" library="SetupRobot">
<kw name="Log To Console" library="BuiltIn">
<doc>Logs the given message to the console.</doc>
<arguments>
<arg>""</arg>
</arguments>
<status status="PASS" starttime="20200619 17:23:59.607" endtime="20200619 17:23:59.607"></status>
</kw>
<status status="PASS" starttime="20200619 17:23:59.607" endtime="20200619 17:23:59.607"></status>
</kw>
<status status="PASS" starttime="20200619 17:23:59.606" endtime="20200619 17:23:59.607"></status>
</kw>
<kw name="SQLCli Break When Error" library="RunSQLCli">
<doc>设置是否在遇到错误的时候中断该Case的后续运行</doc>
<arguments>
<arg>False</arg>
</arguments>
<status status="PASS" starttime="20200619 17:23:59.608" endtime="20200619 17:23:59.608"></status>
</kw>
<kw name="Compare Break When Difference" library="RunCompare">
<doc>设置是否在遇到错误的时候中断该Case的后续运行</doc>
<arguments>
<arg>True</arg>
</arguments>
<status status="PASS" starttime="20200619 17:23:59.608" endtime="20200619 17:23:59.609"></status>
</kw>
<kw name="SQLCli Enable ConsoleOutput" library="RunSQLCli">
<doc>设置是否在在屏幕上显示SQL的执行过程</doc>
<arguments>
<arg>False</arg>
</arguments>
<status status="PASS" starttime="20200619 17:23:59.609" endtime="20200619 17:23:59.609"></status>
</kw>
<kw name="Compare Enable ConsoleOutput" library="RunCompare">
<doc>设置是否在在屏幕上显示Dif文件的内容</doc>
<arguments>
<arg>True</arg>
</arguments>
<status status="PASS" starttime="20200619 17:23:59.609" endtime="20200619 17:23:59.609"></status>
</kw>
<kw name="Compare Ignore EmptyLine" library="RunCompare">
<doc>设置是否在比对的时候忽略空白行</doc>
<arguments>
<arg>True</arg>
</arguments>
<status status="PASS" starttime="20200619 17:23:59.609" endtime="20200619 17:23:59.609"></status>
</kw>
<kw name="Compare Mask" library="RunCompare">
<doc>设置是否在比对的时候考虑正则表达式</doc>
<arguments>
<arg>True</arg>
</arguments>
<status status="PASS" starttime="20200619 17:23:59.609" endtime="20200619 17:23:59.610"></status>
</kw>
<kw name="Compare IgnoreCase" library="RunCompare">
<doc>设置是否在比对的时候忽略大小写</doc>
<arguments>
<arg>False</arg>
</arguments>
<status status="PASS" starttime="20200619 17:23:59.610" endtime="20200619 17:23:59.610"></status>
</kw>
<kw name="Compare IgnoreTailOrHeadBlank" library="RunCompare">
<doc>设置是否在比对的时候忽略行首和行末的空格</doc>
<arguments>
<arg>False</arg>
</arguments>
<status status="PASS" starttime="20200619 17:23:59.610" endtime="20200619 17:23:59.611"></status>
</kw>
<kw name="Compare Skip" library="RunCompare">
<doc>设置是否在比对的时候忽略某些特殊行</doc>
<arguments>
<arg>Running time elapsed.*</arg>
</arguments>
<status status="PASS" starttime="20200619 17:23:59.611" endtime="20200619 17:23:59.611"></status>
</kw>
<kw name="Compare Skip" library="RunCompare">
<doc>设置是否在比对的时候忽略某些特殊行</doc>
<arguments>
<arg>Current clock time.*</arg>
</arguments>
<status status="PASS" starttime="20200619 17:23:59.611" endtime="20200619 17:23:59.611"></status>
</kw>
<kw name="Compare Skip" library="RunCompare">
<doc>设置是否在比对的时候忽略某些特殊行</doc>
<arguments>
<arg>REWROTED.*</arg>
</arguments>
<status status="PASS" starttime="20200619 17:23:59.611" endtime="20200619 17:23:59.611"></status>
</kw>
<kw name="Compare Skip" library="RunCompare">
<doc>设置是否在比对的时候忽略某些特殊行</doc>
<arguments>
<arg>SQLCli Release .*</arg>
</arguments>
<status status="PASS" starttime="20200619 17:23:59.611" endtime="20200619 17:23:59.612"></status>
</kw>
<kw name="Compare Skip" library="RunCompare">
<doc>设置是否在比对的时候忽略某些特殊行</doc>
<arguments>
<arg>SQL\&gt; start .*</arg>
</arguments>
<status status="PASS" starttime="20200619 17:23:59.612" endtime="20200619 17:23:59.612"></status>
</kw>
<kw name="Compare Reset FailedCount" library="RunCompare">
<doc>清零之前统计的日志比对失败次数</doc>
<status status="PASS" starttime="20200619 17:23:59.612" endtime="20200619 17:23:59.612"></status>
</kw>
<kw name="SetupRoot CD CurrentDirectory" library="SetupRobot">
<arguments>
<arg>${SUITE SOURCE}</arg>
</arguments>
<status status="PASS" starttime="20200619 17:23:59.612" endtime="20200619 17:23:59.612"></status>
</kw>
<status status="PASS" starttime="20200619 17:23:59.606" endtime="20200619 17:23:59.612"></status>
</kw>
<kw name="Logon And Execute SQL Script" library="RunSQLCli">
<doc>执行SQL脚本</doc>
<arguments>
<arg>admin/123456</arg>
<arg>CORE 基本安全与授权/E081-01 SELECT privilege at the table level.sql</arg>
</arguments>
<msg timestamp="20200619 17:23:59.613" level="INFO">===== Execute   [CORE 基本安全与授权/E081-01 SELECT privilege at the table level.sql] ========</msg>
<msg timestamp="20200619 17:23:59.613" level="INFO">===== LogFile   [D:\gcy\linkoop-auto-test\linkoopdb\regression\work\E081-01 SELECT privilege at the table level.log] ========</msg>
<msg timestamp="20200619 17:23:59.613" level="INFO">===== BreakMode [False] ========</msg>
<status status="PASS" starttime="20200619 17:23:59.613" endtime="20200619 17:24:04.394"></status>
</kw>
<kw name="Logon And Execute SQL Script" library="RunSQLCli">
<doc>执行SQL脚本</doc>
<arguments>
<arg>admin/123456</arg>
<arg>CORE 基本安全与授权/E081-02 DELETE privilege.sql</arg>
</arguments>
<msg timestamp="20200619 17:24:04.395" level="INFO">===== Execute   [CORE 基本安全与授权/E081-02 DELETE privilege.sql] ========</msg>
<msg timestamp="20200619 17:24:04.395" level="INFO">===== LogFile   [D:\gcy\linkoop-auto-test\linkoopdb\regression\work\E081-02 DELETE privilege.log] ========</msg>
<msg timestamp="20200619 17:24:04.395" level="INFO">===== BreakMode [False] ========</msg>
<status status="PASS" starttime="20200619 17:24:04.394" endtime="20200619 17:24:10.174"></status>
</kw>
<kw name="Logon And Execute SQL Script" library="RunSQLCli">
<doc>执行SQL脚本</doc>
<arguments>
<arg>admin/123456</arg>
<arg>CORE 基本安全与授权/E081-03 INSERT privilege at the table level.sql</arg>
</arguments>
<msg timestamp="20200619 17:24:10.175" level="INFO">===== Execute   [CORE 基本安全与授权/E081-03 INSERT privilege at the table level.sql] ========</msg>
<msg timestamp="20200619 17:24:10.175" level="INFO">===== LogFile   [D:\gcy\linkoop-auto-test\linkoopdb\regression\work\E081-03 INSERT privilege at the table level.log] ========</msg>
<msg timestamp="20200619 17:24:10.175" level="INFO">===== BreakMode [False] ========</msg>
<status status="PASS" starttime="20200619 17:24:10.174" endtime="20200619 17:24:14.740"></status>
</kw>
<kw name="Logon And Execute SQL Script" library="RunSQLCli">
<doc>执行SQL脚本</doc>
<arguments>
<arg>admin/123456</arg>
<arg>CORE 基本安全与授权/E081-04 UPDATE privilege at the table level.sql</arg>
</arguments>
<msg timestamp="20200619 17:24:14.741" level="INFO">===== Execute   [CORE 基本安全与授权/E081-04 UPDATE privilege at the table level.sql] ========</msg>
<msg timestamp="20200619 17:24:14.741" level="INFO">===== LogFile   [D:\gcy\linkoop-auto-test\linkoopdb\regression\work\E081-04 UPDATE privilege at the table level.log] ========</msg>
<msg timestamp="20200619 17:24:14.742" level="INFO">===== BreakMode [False] ========</msg>
<status status="PASS" starttime="20200619 17:24:14.740" endtime="20200619 17:24:19.357"></status>
</kw>
<kw name="Logon And Execute SQL Script" library="RunSQLCli">
<doc>执行SQL脚本</doc>
<arguments>
<arg>admin/123456</arg>
<arg>CORE 基本安全与授权/E081-05 UPDATE privilege at the column level.sql</arg>
</arguments>
<msg timestamp="20200619 17:24:19.359" level="INFO">===== Execute   [CORE 基本安全与授权/E081-05 UPDATE privilege at the column level.sql] ========</msg>
<msg timestamp="20200619 17:24:19.359" level="INFO">===== LogFile   [D:\gcy\linkoop-auto-test\linkoopdb\regression\work\E081-05 UPDATE privilege at the column level.log] ========</msg>
<msg timestamp="20200619 17:24:19.359" level="INFO">===== BreakMode [False] ========</msg>
<status status="PASS" starttime="20200619 17:24:19.358" endtime="20200619 17:24:24.162"></status>
</kw>
<kw name="Logon And Execute SQL Script" library="RunSQLCli">
<doc>执行SQL脚本</doc>
<arguments>
<arg>admin/123456</arg>
<arg>CORE 基本安全与授权/E081-08 WITH GRANT OPTION.sql</arg>
</arguments>
<msg timestamp="20200619 17:24:24.163" level="INFO">===== Execute   [CORE 基本安全与授权/E081-08 WITH GRANT OPTION.sql] ========</msg>
<msg timestamp="20200619 17:24:24.164" level="INFO">===== LogFile   [D:\gcy\linkoop-auto-test\linkoopdb\regression\work\E081-08 WITH GRANT OPTION.log] ========</msg>
<msg timestamp="20200619 17:24:24.164" level="INFO">===== BreakMode [False] ========</msg>
<status status="PASS" starttime="20200619 17:24:24.163" endtime="20200619 17:24:29.984"></status>
</kw>
<kw name="Logon And Execute SQL Script" library="RunSQLCli">
<doc>执行SQL脚本</doc>
<arguments>
<arg>admin/123456</arg>
<arg>CORE 基本数据管理/E101-01 INSERT statement.sql</arg>
</arguments>
<msg timestamp="20200619 17:24:29.985" level="INFO">===== Execute   [CORE 基本数据管理/E101-01 INSERT statement.sql] ========</msg>
<msg timestamp="20200619 17:24:29.985" level="INFO">===== LogFile   [D:\gcy\linkoop-auto-test\linkoopdb\regression\work\E101-01 INSERT statement.log] ========</msg>
<msg timestamp="20200619 17:24:29.985" level="INFO">===== BreakMode [False] ========</msg>
<status status="PASS" starttime="20200619 17:24:29.984" endtime="20200619 17:24:33.128"></status>
</kw>
<kw name="Logon And Execute SQL Script" library="RunSQLCli">
<doc>执行SQL脚本</doc>
<arguments>
<arg>admin/123456</arg>
<arg>CORE 基本数据管理/E101-03 Searched UPDATE statement.sql</arg>
</arguments>
<msg timestamp="20200619 17:24:33.129" level="INFO">===== Execute   [CORE 基本数据管理/E101-03 Searched UPDATE statement.sql] ========</msg>
<msg timestamp="20200619 17:24:33.129" level="INFO">===== LogFile   [D:\gcy\linkoop-auto-test\linkoopdb\regression\work\E101-03 Searched UPDATE statement.log] ========</msg>
<msg timestamp="20200619 17:24:33.129" level="INFO">===== BreakMode [False] ========</msg>
<status status="PASS" starttime="20200619 17:24:33.128" endtime="20200619 17:24:37.800"></status>
</kw>
<kw name="Logon And Execute SQL Script" library="RunSQLCli">
<doc>执行SQL脚本</doc>
<arguments>
<arg>admin/123456</arg>
<arg>CORE 基本数据管理/E101-04 Searched DELETE statement.sql</arg>
</arguments>
<msg timestamp="20200619 17:24:37.802" level="INFO">===== Execute   [CORE 基本数据管理/E101-04 Searched DELETE statement.sql] ========</msg>
<msg timestamp="20200619 17:24:37.802" level="INFO">===== LogFile   [D:\gcy\linkoop-auto-test\linkoopdb\regression\work\E101-04 Searched DELETE statement.log] ========</msg>
<msg timestamp="20200619 17:24:37.802" level="INFO">===== BreakMode [False] ========</msg>
<status status="PASS" starttime="20200619 17:24:37.801" endtime="20200619 17:24:42.235"></status>
</kw>
<kw name="Logon And Execute SQL Script" library="RunSQLCli">
<doc>执行SQL脚本</doc>
<arguments>
<arg>admin/123456</arg>
<arg>CORE 基本数据管理/F200 TRUNCATE TABLE statement.sql</arg>
</arguments>
<msg timestamp="20200619 17:24:42.237" level="INFO">===== Execute   [CORE 基本数据管理/F200 TRUNCATE TABLE statement.sql] ========</msg>
<msg timestamp="20200619 17:24:42.237" level="INFO">===== LogFile   [D:\gcy\linkoop-auto-test\linkoopdb\regression\work\F200 TRUNCATE TABLE statement.log] ========</msg>
<msg timestamp="20200619 17:24:42.237" level="INFO">===== BreakMode [False] ========</msg>
<status status="PASS" starttime="20200619 17:24:42.236" endtime="20200619 17:24:46.018"></status>
</kw>
<kw name="Logon And Execute SQL Script" library="RunSQLCli">
<doc>执行SQL脚本</doc>
<arguments>
<arg>admin/123456</arg>
<arg>CORE 基本数据管理/LDBX201-02 insert from subquery on dfs engine.sql</arg>
</arguments>
<msg timestamp="20200619 17:24:46.020" level="INFO">===== Execute   [CORE 基本数据管理/LDBX201-02 insert from subquery on dfs engine.sql] ========</msg>
<msg timestamp="20200619 17:24:46.020" level="INFO">===== LogFile   [D:\gcy\linkoop-auto-test\linkoopdb\regression\work\LDBX201-02 insert from subquery on dfs engine.log] ========</msg>
<msg timestamp="20200619 17:24:46.020" level="INFO">===== BreakMode [False] ========</msg>
<status status="PASS" starttime="20200619 17:24:46.018" endtime="20200619 17:24:49.862"></status>
</kw>
<kw name="Logon And Execute SQL Script" library="RunSQLCli">
<doc>执行SQL脚本</doc>
<arguments>
<arg>admin/123456</arg>
<arg>CORE 基本数据管理/LDBX201-06 insert by subquery对default值，not nullable约束的处理.sql</arg>
</arguments>
<msg timestamp="20200619 17:24:49.862" level="INFO">===== Execute   [CORE 基本数据管理/LDBX201-06 insert by subquery对default值，not nullable约束的处理.sql] ========</msg>
<msg timestamp="20200619 17:24:49.862" level="INFO">===== LogFile   [D:\gcy\linkoop-auto-test\linkoopdb\regression\work\LDBX201-06 insert by subquery对default值，not nullable约束的处理.log] ========</msg>
<msg timestamp="20200619 17:24:49.862" level="INFO">===== BreakMode [False] ========</msg>
<status status="PASS" starttime="20200619 17:24:49.862" endtime="20200619 17:24:54.013"></status>
</kw>
<kw name="Logon And Execute SQL Script" library="RunSQLCli">
<doc>执行SQL脚本</doc>
<arguments>
<arg>admin/123456</arg>
<arg>CORE 系统信息schema/F021 在系统表中标注schema是否大小写敏感.sql</arg>
</arguments>
<msg timestamp="20200619 17:24:54.117" level="INFO">===== Execute   [CORE 系统信息schema/F021 在系统表中标注schema是否大小写敏感.sql] ========</msg>
<msg timestamp="20200619 17:24:54.117" level="INFO">===== LogFile   [D:\gcy\linkoop-auto-test\linkoopdb\regression\work\F021 在系统表中标注schema是否大小写敏感.log] ========</msg>
<msg timestamp="20200619 17:24:54.118" level="INFO">===== BreakMode [False] ========</msg>
<status status="PASS" starttime="20200619 17:24:54.013" endtime="20200619 17:25:18.568"></status>
</kw>
<kw name="Logon And Execute SQL Script" library="RunSQLCli">
<doc>执行SQL脚本</doc>
<arguments>
<arg>admin/123456</arg>
<arg>CORE 系统信息schema/F021-01 COLUMNS view.sql</arg>
</arguments>
<msg timestamp="20200619 17:25:18.569" level="INFO">===== Execute   [CORE 系统信息schema/F021-01 COLUMNS view.sql] ========</msg>
<msg timestamp="20200619 17:25:18.569" level="INFO">===== LogFile   [D:\gcy\linkoop-auto-test\linkoopdb\regression\work\F021-01 COLUMNS view.log] ========</msg>
<msg timestamp="20200619 17:25:18.569" level="INFO">===== BreakMode [False] ========</msg>
<status status="PASS" starttime="20200619 17:25:18.568" endtime="20200619 17:25:24.527"></status>
</kw>
<kw name="Logon And Execute SQL Script" library="RunSQLCli">
<doc>执行SQL脚本</doc>
<arguments>
<arg>admin/123456</arg>
<arg>CORE 系统信息schema/F021-02 TABLES view.sql</arg>
</arguments>
<msg timestamp="20200619 17:25:24.529" level="INFO">===== Execute   [CORE 系统信息schema/F021-02 TABLES view.sql] ========</msg>
<msg timestamp="20200619 17:25:24.529" level="INFO">===== LogFile   [D:\gcy\linkoop-auto-test\linkoopdb\regression\work\F021-02 TABLES view.log] ========</msg>
<msg timestamp="20200619 17:25:24.529" level="INFO">===== BreakMode [False] ========</msg>
<status status="PASS" starttime="20200619 17:25:24.528" endtime="20200619 17:25:29.145"></status>
</kw>
<kw name="Logon And Execute SQL Script" library="RunSQLCli">
<doc>执行SQL脚本</doc>
<arguments>
<arg>admin/123456</arg>
<arg>CORE 系统信息schema/F021-03 VIEWS view.sql</arg>
</arguments>
<msg timestamp="20200619 17:25:29.146" level="INFO">===== Execute   [CORE 系统信息schema/F021-03 VIEWS view.sql] ========</msg>
<msg timestamp="20200619 17:25:29.146" level="INFO">===== LogFile   [D:\gcy\linkoop-auto-test\linkoopdb\regression\work\F021-03 VIEWS view.log] ========</msg>
<msg timestamp="20200619 17:25:29.146" level="INFO">===== BreakMode [False] ========</msg>
<status status="PASS" starttime="20200619 17:25:29.146" endtime="20200619 17:25:35.334"></status>
</kw>
<kw name="Logon And Execute SQL Script" library="RunSQLCli">
<doc>执行SQL脚本</doc>
<arguments>
<arg>admin/123456</arg>
<arg>CORE 系统信息schema/F501-01 SQL_FEATURES view.sql</arg>
</arguments>
<msg timestamp="20200619 17:25:35.334" level="INFO">===== Execute   [CORE 系统信息schema/F501-01 SQL_FEATURES view.sql] ========</msg>
<msg timestamp="20200619 17:25:35.334" level="INFO">===== LogFile   [D:\gcy\linkoop-auto-test\linkoopdb\regression\work\F501-01 SQL_FEATURES view.log] ========</msg>
<msg timestamp="20200619 17:25:35.335" level="INFO">===== BreakMode [False] ========</msg>
<status status="PASS" starttime="20200619 17:25:35.334" endtime="20200619 17:25:35.599"></status>
</kw>
<kw name="Logon And Execute SQL Script" library="RunSQLCli">
<doc>执行SQL脚本</doc>
<arguments>
<arg>admin/123456</arg>
<arg>CORE 系统信息schema/F501-02 SQL_SIZING view.sql</arg>
</arguments>
<msg timestamp="20200619 17:25:35.600" level="INFO">===== Execute   [CORE 系统信息schema/F501-02 SQL_SIZING view.sql] ========</msg>
<msg timestamp="20200619 17:25:35.600" level="INFO">===== LogFile   [D:\gcy\linkoop-auto-test\linkoopdb\regression\work\F501-02 SQL_SIZING view.log] ========</msg>
<msg timestamp="20200619 17:25:35.600" level="INFO">===== BreakMode [False] ========</msg>
<status status="PASS" starttime="20200619 17:25:35.599" endtime="20200619 17:25:35.809"></status>
</kw>
<kw name="Logon And Execute SQL Script" library="RunSQLCli">
<doc>执行SQL脚本</doc>
<arguments>
<arg>admin/123456</arg>
<arg>CORE 系统信息schema/F501-03 SQL_LANGUAGES view.sql</arg>
</arguments>
<msg timestamp="20200619 17:25:35.809" level="INFO">===== Execute   [CORE 系统信息schema/F501-03 SQL_LANGUAGES view.sql] ========</msg>
<msg timestamp="20200619 17:25:35.810" level="INFO">===== LogFile   [D:\gcy\linkoop-auto-test\linkoopdb\regression\work\F501-03 SQL_LANGUAGES view.log] ========</msg>
<msg timestamp="20200619 17:25:35.810" level="INFO">===== BreakMode [False] ========</msg>
<status status="PASS" starttime="20200619 17:25:35.809" endtime="20200619 17:25:36.036"></status>
</kw>
<kw name="Logon And Execute SQL Script" library="RunSQLCli">
<doc>执行SQL脚本</doc>
<arguments>
<arg>admin/123456</arg>
<arg>CORE 系统信息schema/S011-01 USER_DEFINED_TYPES view.sql</arg>
</arguments>
<msg timestamp="20200619 17:25:36.037" level="INFO">===== Execute   [CORE 系统信息schema/S011-01 USER_DEFINED_TYPES view.sql] ========</msg>
<msg timestamp="20200619 17:25:36.037" level="INFO">===== LogFile   [D:\gcy\linkoop-auto-test\linkoopdb\regression\work\S011-01 USER_DEFINED_TYPES view.log] ========</msg>
<msg timestamp="20200619 17:25:36.037" level="INFO">===== BreakMode [False] ========</msg>
<msg timestamp="20200619 17:25:41.814" level="INFO">D:\python3.7\lib\site-packages\jaydebeapi\__init__.py:266: UserWarning: No type mapping for JDBC type 'STRUCT' (constant value 2002). Using None as a default type_code.
  "Using None as a default type_code." % (type_name, jdbc_type_const))</msg>
<status status="PASS" starttime="20200619 17:25:36.036" endtime="20200619 17:25:41.814"></status>
</kw>
<kw name="Logon And Execute SQL Script" library="RunSQLCli">
<doc>执行SQL脚本</doc>
<arguments>
<arg>admin/123456</arg>
<arg>CORE_基本schema管理/F031 Configurable compact output parallel.sql</arg>
</arguments>
<msg timestamp="20200619 17:25:41.814" level="INFO">===== Execute   [CORE_基本schema管理/F031 Configurable compact output parallel.sql] ========</msg>
<msg timestamp="20200619 17:25:41.814" level="INFO">===== LogFile   [D:\gcy\linkoop-auto-test\linkoopdb\regression\work\F031 Configurable compact output parallel.log] ========</msg>
<msg timestamp="20200619 17:25:41.815" level="INFO">===== BreakMode [False] ========</msg>
<status status="PASS" starttime="20200619 17:25:41.814" endtime="20200619 17:26:31.874"></status>
</kw>
<kw name="Logon And Execute SQL Script" library="RunSQLCli">
<doc>执行SQL脚本</doc>
<arguments>
<arg>admin/123456</arg>
<arg>CORE_基本schema管理/F031-01 CREATE TABLE statement to create persistent base tables.sql</arg>
</arguments>
<msg timestamp="20200619 17:26:31.875" level="INFO">===== Execute   [CORE_基本schema管理/F031-01 CREATE TABLE statement to create persistent base tables.sql] ========</msg>
<msg timestamp="20200619 17:26:31.876" level="INFO">===== LogFile   [D:\gcy\linkoop-auto-test\linkoopdb\regression\work\F031-01 CREATE TABLE statement to create persistent base tables.log] ========</msg>
<msg timestamp="20200619 17:26:31.876" level="INFO">===== BreakMode [False] ========</msg>
<status status="PASS" starttime="20200619 17:26:31.874" endtime="20200619 17:26:45.883"></status>
</kw>
<kw name="Logon And Execute SQL Script" library="RunSQLCli">
<doc>执行SQL脚本</doc>
<arguments>
<arg>admin/123456</arg>
<arg>CORE_基本schema管理/F031-02 CREATE VIEW statement.sql</arg>
</arguments>
<msg timestamp="20200619 17:26:45.884" level="INFO">===== Execute   [CORE_基本schema管理/F031-02 CREATE VIEW statement.sql] ========</msg>
<msg timestamp="20200619 17:26:45.884" level="INFO">===== LogFile   [D:\gcy\linkoop-auto-test\linkoopdb\regression\work\F031-02 CREATE VIEW statement.log] ========</msg>
<msg timestamp="20200619 17:26:45.884" level="INFO">===== BreakMode [False] ========</msg>
<status status="PASS" starttime="20200619 17:26:45.883" endtime="20200619 17:27:03.632"></status>
</kw>
<kw name="Logon And Execute SQL Script" library="RunSQLCli">
<doc>执行SQL脚本</doc>
<arguments>
<arg>admin/123456</arg>
<arg>CORE_基本schema管理/F031-03 GRANT statement.sql</arg>
</arguments>
<msg timestamp="20200619 17:27:03.633" level="INFO">===== Execute   [CORE_基本schema管理/F031-03 GRANT statement.sql] ========</msg>
<msg timestamp="20200619 17:27:03.633" level="INFO">===== LogFile   [D:\gcy\linkoop-auto-test\linkoopdb\regression\work\F031-03 GRANT statement.log] ========</msg>
<msg timestamp="20200619 17:27:03.634" level="INFO">===== BreakMode [False] ========</msg>
<status status="PASS" starttime="20200619 17:27:03.632" endtime="20200619 17:27:05.020"></status>
</kw>
<kw name="Logon And Execute SQL Script" library="RunSQLCli">
<doc>执行SQL脚本</doc>
<arguments>
<arg>admin/123456</arg>
<arg>CORE_基本schema管理/F031-04 ALTER TABLE statement.sql</arg>
</arguments>
<msg timestamp="20200619 17:27:05.022" level="INFO">===== Execute   [CORE_基本schema管理/F031-04 ALTER TABLE statement.sql] ========</msg>
<msg timestamp="20200619 17:27:05.022" level="INFO">===== LogFile   [D:\gcy\linkoop-auto-test\linkoopdb\regression\work\F031-04 ALTER TABLE statement.log] ========</msg>
<msg timestamp="20200619 17:27:05.022" level="INFO">===== BreakMode [False] ========</msg>
<status status="PASS" starttime="20200619 17:27:05.021" endtime="20200619 17:27:05.680"></status>
</kw>
<kw name="Logon And Execute SQL Script" library="RunSQLCli">
<doc>执行SQL脚本</doc>
<arguments>
<arg>admin/123456</arg>
<arg>CORE_基本schema管理/F031-13 DROP TABLE statement.sql</arg>
</arguments>
<msg timestamp="20200619 17:27:05.680" level="INFO">===== Execute   [CORE_基本schema管理/F031-13 DROP TABLE statement.sql] ========</msg>
<msg timestamp="20200619 17:27:05.680" level="INFO">===== LogFile   [D:\gcy\linkoop-auto-test\linkoopdb\regression\work\F031-13 DROP TABLE statement.log] ========</msg>
<msg timestamp="20200619 17:27:05.680" level="INFO">===== BreakMode [False] ========</msg>
<status status="PASS" starttime="20200619 17:27:05.680" endtime="20200619 17:27:05.998"></status>
</kw>
<kw name="Logon And Execute SQL Script" library="RunSQLCli">
<doc>执行SQL脚本</doc>
<arguments>
<arg>admin/123456</arg>
<arg>CORE_基本schema管理/F031-16 DROP VIEW statement.sql</arg>
</arguments>
<msg timestamp="20200619 17:27:05.999" level="INFO">===== Execute   [CORE_基本schema管理/F031-16 DROP VIEW statement.sql] ========</msg>
<msg timestamp="20200619 17:27:05.999" level="INFO">===== LogFile   [D:\gcy\linkoop-auto-test\linkoopdb\regression\work\F031-16 DROP VIEW statement.log] ========</msg>
<msg timestamp="20200619 17:27:05.999" level="INFO">===== BreakMode [False] ========</msg>
<status status="PASS" starttime="20200619 17:27:05.998" endtime="20200619 17:27:08.306"></status>
</kw>
<kw name="Logon And Execute SQL Script" library="RunSQLCli">
<doc>执行SQL脚本</doc>
<arguments>
<arg>admin/123456</arg>
<arg>CORE_基本schema管理/F031-19 REVOKE statement.sql</arg>
</arguments>
<msg timestamp="20200619 17:27:08.308" level="INFO">===== Execute   [CORE_基本schema管理/F031-19 REVOKE statement.sql] ========</msg>
<msg timestamp="20200619 17:27:08.328" level="INFO">===== LogFile   [D:\gcy\linkoop-auto-test\linkoopdb\regression\work\F031-19 REVOKE statement.log] ========</msg>
<msg timestamp="20200619 17:27:08.328" level="INFO">===== BreakMode [False] ========</msg>
<status status="PASS" starttime="20200619 17:27:08.307" endtime="20200619 17:27:13.222"></status>
</kw>
<kw name="Logon And Execute SQL Script" library="RunSQLCli">
<doc>执行SQL脚本</doc>
<arguments>
<arg>admin/123456</arg>
<arg>CORE_基本schema管理/F382 Alter column data type.sql</arg>
</arguments>
<msg timestamp="20200619 17:27:13.223" level="INFO">===== Execute   [CORE_基本schema管理/F382 Alter column data type.sql] ========</msg>
<msg timestamp="20200619 17:27:13.223" level="INFO">===== LogFile   [D:\gcy\linkoop-auto-test\linkoopdb\regression\work\F382 Alter column data type.log] ========</msg>
<msg timestamp="20200619 17:27:13.223" level="INFO">===== BreakMode [False] ========</msg>
<status status="PASS" starttime="20200619 17:27:13.222" endtime="20200619 17:27:13.706"></status>
</kw>
<kw name="Logon And Execute SQL Script" library="RunSQLCli">
<doc>执行SQL脚本</doc>
<arguments>
<arg>admin/123456</arg>
<arg>CORE_基本schema管理/LDBX031-07 中文表名，列名的支持.sql</arg>
</arguments>
<msg timestamp="20200619 17:27:13.706" level="INFO">===== Execute   [CORE_基本schema管理/LDBX031-07 中文表名，列名的支持.sql] ========</msg>
<msg timestamp="20200619 17:27:13.706" level="INFO">===== LogFile   [D:\gcy\linkoop-auto-test\linkoopdb\regression\work\LDBX031-07 中文表名，列名的支持.log] ========</msg>
<msg timestamp="20200619 17:27:13.707" level="INFO">===== BreakMode [False] ========</msg>
<status status="PASS" starttime="20200619 17:27:13.706" endtime="20200619 17:27:15.210"></status>
</kw>
<kw name="Logon And Execute SQL Script" library="RunSQLCli">
<doc>执行SQL脚本</doc>
<arguments>
<arg>admin/123456</arg>
<arg>CORE_基本schema管理/LDBX141-02 Copy model by copying files.sql</arg>
</arguments>
<msg timestamp="20200619 17:27:15.211" level="INFO">===== Execute   [CORE_基本schema管理/LDBX141-02 Copy model by copying files.sql] ========</msg>
<msg timestamp="20200619 17:27:15.211" level="INFO">===== LogFile   [D:\gcy\linkoop-auto-test\linkoopdb\regression\work\LDBX141-02 Copy model by copying files.log] ========</msg>
<msg timestamp="20200619 17:27:15.211" level="INFO">===== BreakMode [False] ========</msg>
<status status="PASS" starttime="20200619 17:27:15.210" endtime="20200619 17:27:19.473"></status>
</kw>
<kw name="Logon And Execute SQL Script" library="RunSQLCli">
<doc>执行SQL脚本</doc>
<arguments>
<arg>admin/123456</arg>
<arg>CORE_基本schema管理/T171 LIKE clause in table definition.sql</arg>
</arguments>
<msg timestamp="20200619 17:27:19.475" level="INFO">===== Execute   [CORE_基本schema管理/T171 LIKE clause in table definition.sql] ========</msg>
<msg timestamp="20200619 17:27:19.475" level="INFO">===== LogFile   [D:\gcy\linkoop-auto-test\linkoopdb\regression\work\T171 LIKE clause in table definition.log] ========</msg>
<msg timestamp="20200619 17:27:19.475" level="INFO">===== BreakMode [False] ========</msg>
<status status="PASS" starttime="20200619 17:27:19.474" endtime="20200619 17:27:25.268"></status>
</kw>
<kw name="Logon And Execute SQL Script" library="RunSQLCli">
<doc>执行SQL脚本</doc>
<arguments>
<arg>admin/123456</arg>
<arg>CORE_基本查询/E051-01 SELECT DISTINCT.sql</arg>
</arguments>
<msg timestamp="20200619 17:27:25.269" level="INFO">===== Execute   [CORE_基本查询/E051-01 SELECT DISTINCT.sql] ========</msg>
<msg timestamp="20200619 17:27:25.269" level="INFO">===== LogFile   [D:\gcy\linkoop-auto-test\linkoopdb\regression\work\E051-01 SELECT DISTINCT.log] ========</msg>
<msg timestamp="20200619 17:27:25.269" level="INFO">===== BreakMode [False] ========</msg>
<status status="PASS" starttime="20200619 17:27:25.268" endtime="20200619 17:27:33.173"></status>
</kw>
<kw name="Logon And Execute SQL Script" library="RunSQLCli">
<doc>执行SQL脚本</doc>
<arguments>
<arg>admin/123456</arg>
<arg>CORE_基本查询/E051-02 GROUP BY clause.sql</arg>
</arguments>
<msg timestamp="20200619 17:27:33.175" level="INFO">===== Execute   [CORE_基本查询/E051-02 GROUP BY clause.sql] ========</msg>
<msg timestamp="20200619 17:27:33.175" level="INFO">===== LogFile   [D:\gcy\linkoop-auto-test\linkoopdb\regression\work\E051-02 GROUP BY clause.log] ========</msg>
<msg timestamp="20200619 17:27:33.175" level="INFO">===== BreakMode [False] ========</msg>
<status status="PASS" starttime="20200619 17:27:33.174" endtime="20200619 17:27:42.788"></status>
</kw>
<kw name="Logon And Execute SQL Script" library="RunSQLCli">
<doc>执行SQL脚本</doc>
<arguments>
<arg>admin/123456</arg>
<arg>CORE_基本查询/E051-04 GROUP BY can contain columns not in list.sql</arg>
</arguments>
<msg timestamp="20200619 17:27:42.790" level="INFO">===== Execute   [CORE_基本查询/E051-04 GROUP BY can contain columns not in list.sql] ========</msg>
<msg timestamp="20200619 17:27:42.790" level="INFO">===== LogFile   [D:\gcy\linkoop-auto-test\linkoopdb\regression\work\E051-04 GROUP BY can contain columns not in list.log] ========</msg>
<msg timestamp="20200619 17:27:42.790" level="INFO">===== BreakMode [False] ========</msg>
<status status="PASS" starttime="20200619 17:27:42.789" endtime="20200619 17:27:51.738"></status>
</kw>
<kw name="Logon And Execute SQL Script" library="RunSQLCli">
<doc>执行SQL脚本</doc>
<arguments>
<arg>admin/123456</arg>
<arg>CORE_基本查询/E051-05 Select list items can be renamed.sql</arg>
</arguments>
<msg timestamp="20200619 17:27:51.741" level="INFO">===== Execute   [CORE_基本查询/E051-05 Select list items can be renamed.sql] ========</msg>
<msg timestamp="20200619 17:27:51.741" level="INFO">===== LogFile   [D:\gcy\linkoop-auto-test\linkoopdb\regression\work\E051-05 Select list items can be renamed.log] ========</msg>
<msg timestamp="20200619 17:27:51.741" level="INFO">===== BreakMode [False] ========</msg>
<status status="PASS" starttime="20200619 17:27:51.740" endtime="20200619 17:27:58.695"></status>
</kw>
<kw name="Logon And Execute SQL Script" library="RunSQLCli">
<doc>执行SQL脚本</doc>
<arguments>
<arg>admin/123456</arg>
<arg>CORE_基本查询/E051-06 HAVING clause.sql</arg>
</arguments>
<msg timestamp="20200619 17:27:58.696" level="INFO">===== Execute   [CORE_基本查询/E051-06 HAVING clause.sql] ========</msg>
<msg timestamp="20200619 17:27:58.697" level="INFO">===== LogFile   [D:\gcy\linkoop-auto-test\linkoopdb\regression\work\E051-06 HAVING clause.log] ========</msg>
<msg timestamp="20200619 17:27:58.697" level="INFO">===== BreakMode [False] ========</msg>
<status status="PASS" starttime="20200619 17:27:58.695" endtime="20200619 17:28:11.958"></status>
</kw>
<kw name="Logon And Execute SQL Script" library="RunSQLCli">
<doc>执行SQL脚本</doc>
<arguments>
<arg>admin/123456</arg>
<arg>CORE_基本查询/E051-07 Qualified all in select list.sql</arg>
</arguments>
<msg timestamp="20200619 17:28:11.959" level="INFO">===== Execute   [CORE_基本查询/E051-07 Qualified all in select list.sql] ========</msg>
<msg timestamp="20200619 17:28:11.960" level="INFO">===== LogFile   [D:\gcy\linkoop-auto-test\linkoopdb\regression\work\E051-07 Qualified all in select list.log] ========</msg>
<msg timestamp="20200619 17:28:11.960" level="INFO">===== BreakMode [False] ========</msg>
<status status="PASS" starttime="20200619 17:28:11.958" endtime="20200619 17:28:23.348"></status>
</kw>
<kw name="Logon And Execute SQL Script" library="RunSQLCli">
<doc>执行SQL脚本</doc>
<arguments>
<arg>admin/123456</arg>
<arg>CORE_基本查询/E051-08 Correlation names in the FROM clause.sql</arg>
</arguments>
<msg timestamp="20200619 17:28:23.348" level="INFO">===== Execute   [CORE_基本查询/E051-08 Correlation names in the FROM clause.sql] ========</msg>
<msg timestamp="20200619 17:28:23.348" level="INFO">===== LogFile   [D:\gcy\linkoop-auto-test\linkoopdb\regression\work\E051-08 Correlation names in the FROM clause.log] ========</msg>
<msg timestamp="20200619 17:28:23.348" level="INFO">===== BreakMode [False] ========</msg>
<status status="PASS" starttime="20200619 17:28:23.348" endtime="20200619 17:28:25.000"></status>
</kw>
<kw name="Logon And Execute SQL Script" library="RunSQLCli">
<doc>执行SQL脚本</doc>
<arguments>
<arg>admin/123456</arg>
<arg>CORE_基本查询/E051-09 Rename columns in the FROM clause.sql</arg>
</arguments>
<msg timestamp="20200619 17:28:25.001" level="INFO">===== Execute   [CORE_基本查询/E051-09 Rename columns in the FROM clause.sql] ========</msg>
<msg timestamp="20200619 17:28:25.001" level="INFO">===== LogFile   [D:\gcy\linkoop-auto-test\linkoopdb\regression\work\E051-09 Rename columns in the FROM clause.log] ========</msg>
<msg timestamp="20200619 17:28:25.002" level="INFO">===== BreakMode [False] ========</msg>
<status status="PASS" starttime="20200619 17:28:25.001" endtime="20200619 17:28:25.349"></status>
</kw>
<kw name="Logon And Execute SQL Script" library="RunSQLCli">
<doc>执行SQL脚本</doc>
<arguments>
<arg>admin/123456</arg>
<arg>CORE_基本查询/E061-01 Comparison predicate.sql</arg>
</arguments>
<msg timestamp="20200619 17:28:25.350" level="INFO">===== Execute   [CORE_基本查询/E061-01 Comparison predicate.sql] ========</msg>
<msg timestamp="20200619 17:28:25.351" level="INFO">===== LogFile   [D:\gcy\linkoop-auto-test\linkoopdb\regression\work\E061-01 Comparison predicate.log] ========</msg>
<msg timestamp="20200619 17:28:25.351" level="INFO">===== BreakMode [False] ========</msg>
<status status="PASS" starttime="20200619 17:28:25.349" endtime="20200619 17:28:26.015"></status>
</kw>
<kw name="Logon And Execute SQL Script" library="RunSQLCli">
<doc>执行SQL脚本</doc>
<arguments>
<arg>admin/123456</arg>
<arg>CORE_基本查询/E061-02 BETWEEN predicate.sql</arg>
</arguments>
<msg timestamp="20200619 17:28:26.016" level="INFO">===== Execute   [CORE_基本查询/E061-02 BETWEEN predicate.sql] ========</msg>
<msg timestamp="20200619 17:28:26.016" level="INFO">===== LogFile   [D:\gcy\linkoop-auto-test\linkoopdb\regression\work\E061-02 BETWEEN predicate.log] ========</msg>
<msg timestamp="20200619 17:28:26.016" level="INFO">===== BreakMode [False] ========</msg>
<status status="PASS" starttime="20200619 17:28:26.016" endtime="20200619 17:28:26.419"></status>
</kw>
<kw name="Logon And Execute SQL Script" library="RunSQLCli">
<doc>执行SQL脚本</doc>
<arguments>
<arg>admin/123456</arg>
<arg>CORE_基本查询/E061-03 IN predicate with list of values.sql</arg>
</arguments>
<msg timestamp="20200619 17:28:26.421" level="INFO">===== Execute   [CORE_基本查询/E061-03 IN predicate with list of values.sql] ========</msg>
<msg timestamp="20200619 17:28:26.421" level="INFO">===== LogFile   [D:\gcy\linkoop-auto-test\linkoopdb\regression\work\E061-03 IN predicate with list of values.log] ========</msg>
<msg timestamp="20200619 17:28:26.421" level="INFO">===== BreakMode [False] ========</msg>
<status status="PASS" starttime="20200619 17:28:26.420" endtime="20200619 17:28:39.766"></status>
</kw>
<kw name="Logon And Execute SQL Script" library="RunSQLCli">
<doc>执行SQL脚本</doc>
<arguments>
<arg>admin/123456</arg>
<arg>CORE_基本查询/E061-04 LIKE predicate.sql</arg>
</arguments>
<msg timestamp="20200619 17:28:39.767" level="INFO">===== Execute   [CORE_基本查询/E061-04 LIKE predicate.sql] ========</msg>
<msg timestamp="20200619 17:28:39.768" level="INFO">===== LogFile   [D:\gcy\linkoop-auto-test\linkoopdb\regression\work\E061-04 LIKE predicate.log] ========</msg>
<msg timestamp="20200619 17:28:39.768" level="INFO">===== BreakMode [False] ========</msg>
<status status="PASS" starttime="20200619 17:28:39.767" endtime="20200619 17:28:40.338"></status>
</kw>
<kw name="Logon And Execute SQL Script" library="RunSQLCli">
<doc>执行SQL脚本</doc>
<arguments>
<arg>admin/123456</arg>
<arg>CORE_基本查询/E061-05 LIKE predicate ESCAPE clause.sql</arg>
</arguments>
<msg timestamp="20200619 17:28:40.339" level="INFO">===== Execute   [CORE_基本查询/E061-05 LIKE predicate ESCAPE clause.sql] ========</msg>
<msg timestamp="20200619 17:28:40.340" level="INFO">===== LogFile   [D:\gcy\linkoop-auto-test\linkoopdb\regression\work\E061-05 LIKE predicate ESCAPE clause.log] ========</msg>
<msg timestamp="20200619 17:28:40.340" level="INFO">===== BreakMode [False] ========</msg>
<status status="PASS" starttime="20200619 17:28:40.338" endtime="20200619 17:28:40.736"></status>
</kw>
<kw name="Logon And Execute SQL Script" library="RunSQLCli">
<doc>执行SQL脚本</doc>
<arguments>
<arg>admin/123456</arg>
<arg>CORE_基本查询/E061-06 NULL predicate.sql</arg>
</arguments>
<msg timestamp="20200619 17:28:40.737" level="INFO">===== Execute   [CORE_基本查询/E061-06 NULL predicate.sql] ========</msg>
<msg timestamp="20200619 17:28:40.737" level="INFO">===== LogFile   [D:\gcy\linkoop-auto-test\linkoopdb\regression\work\E061-06 NULL predicate.log] ========</msg>
<msg timestamp="20200619 17:28:40.737" level="INFO">===== BreakMode [False] ========</msg>
<status status="PASS" starttime="20200619 17:28:40.737" endtime="20200619 17:28:41.097"></status>
</kw>
<kw name="Logon And Execute SQL Script" library="RunSQLCli">
<doc>执行SQL脚本</doc>
<arguments>
<arg>admin/123456</arg>
<arg>CORE_基本查询/E061-07 Quantified comparison predicate.sql</arg>
</arguments>
<msg timestamp="20200619 17:28:41.097" level="INFO">===== Execute   [CORE_基本查询/E061-07 Quantified comparison predicate.sql] ========</msg>
<msg timestamp="20200619 17:28:41.097" level="INFO">===== LogFile   [D:\gcy\linkoop-auto-test\linkoopdb\regression\work\E061-07 Quantified comparison predicate.log] ========</msg>
<msg timestamp="20200619 17:28:41.097" level="INFO">===== BreakMode [False] ========</msg>
<status status="PASS" starttime="20200619 17:28:41.097" endtime="20200619 17:28:41.615"></status>
</kw>
<kw name="Logon And Execute SQL Script" library="RunSQLCli">
<doc>执行SQL脚本</doc>
<arguments>
<arg>admin/123456</arg>
<arg>CORE_基本查询/E061-08 EXISTS predicate.sql</arg>
</arguments>
<msg timestamp="20200619 17:28:41.616" level="INFO">===== Execute   [CORE_基本查询/E061-08 EXISTS predicate.sql] ========</msg>
<msg timestamp="20200619 17:28:41.616" level="INFO">===== LogFile   [D:\gcy\linkoop-auto-test\linkoopdb\regression\work\E061-08 EXISTS predicate.log] ========</msg>
<msg timestamp="20200619 17:28:41.616" level="INFO">===== BreakMode [False] ========</msg>
<status status="PASS" starttime="20200619 17:28:41.616" endtime="20200619 17:28:41.928"></status>
</kw>
<kw name="Logon And Execute SQL Script" library="RunSQLCli">
<doc>执行SQL脚本</doc>
<arguments>
<arg>admin/123456</arg>
<arg>CORE_基本查询/E061-13 Correlated subqueries.sql</arg>
</arguments>
<msg timestamp="20200619 17:28:41.929" level="INFO">===== Execute   [CORE_基本查询/E061-13 Correlated subqueries.sql] ========</msg>
<msg timestamp="20200619 17:28:41.930" level="INFO">===== LogFile   [D:\gcy\linkoop-auto-test\linkoopdb\regression\work\E061-13 Correlated subqueries.log] ========</msg>
<msg timestamp="20200619 17:28:41.930" level="INFO">===== BreakMode [False] ========</msg>
<status status="PASS" starttime="20200619 17:28:41.928" endtime="20200619 17:28:42.244"></status>
</kw>
<kw name="Logon And Execute SQL Script" library="RunSQLCli">
<doc>执行SQL脚本</doc>
<arguments>
<arg>admin/123456</arg>
<arg>CORE_基本查询/E061-14 Search condition.sql</arg>
</arguments>
<msg timestamp="20200619 17:28:42.244" level="INFO">===== Execute   [CORE_基本查询/E061-14 Search condition.sql] ========</msg>
<msg timestamp="20200619 17:28:42.244" level="INFO">===== LogFile   [D:\gcy\linkoop-auto-test\linkoopdb\regression\work\E061-14 Search condition.log] ========</msg>
<msg timestamp="20200619 17:28:42.244" level="INFO">===== BreakMode [False] ========</msg>
<status status="PASS" starttime="20200619 17:28:42.244" endtime="20200619 17:28:42.548"></status>
</kw>
<kw name="Logon And Execute SQL Script" library="RunSQLCli">
<doc>执行SQL脚本</doc>
<arguments>
<arg>admin/123456</arg>
<arg>CORE_基本查询/E071-01 UNION DISTINCT table operator.sql</arg>
</arguments>
<msg timestamp="20200619 17:28:42.549" level="INFO">===== Execute   [CORE_基本查询/E071-01 UNION DISTINCT table operator.sql] ========</msg>
<msg timestamp="20200619 17:28:42.549" level="INFO">===== LogFile   [D:\gcy\linkoop-auto-test\linkoopdb\regression\work\E071-01 UNION DISTINCT table operator.log] ========</msg>
<msg timestamp="20200619 17:28:42.549" level="INFO">===== BreakMode [False] ========</msg>
<status status="PASS" starttime="20200619 17:28:42.548" endtime="20200619 17:28:42.894"></status>
</kw>
<kw name="Logon And Execute SQL Script" library="RunSQLCli">
<doc>执行SQL脚本</doc>
<arguments>
<arg>admin/123456</arg>
<arg>CORE_基本查询/E071-02 UNION ALL table operator.sql</arg>
</arguments>
<msg timestamp="20200619 17:28:42.896" level="INFO">===== Execute   [CORE_基本查询/E071-02 UNION ALL table operator.sql] ========</msg>
<msg timestamp="20200619 17:28:42.896" level="INFO">===== LogFile   [D:\gcy\linkoop-auto-test\linkoopdb\regression\work\E071-02 UNION ALL table operator.log] ========</msg>
<msg timestamp="20200619 17:28:42.896" level="INFO">===== BreakMode [False] ========</msg>
<status status="PASS" starttime="20200619 17:28:42.895" endtime="20200619 17:28:43.212"></status>
</kw>
<kw name="Logon And Execute SQL Script" library="RunSQLCli">
<doc>执行SQL脚本</doc>
<arguments>
<arg>admin/123456</arg>
<arg>CORE_基本查询/E071-03 EXCEPT DISTINCT table operator.sql</arg>
</arguments>
<msg timestamp="20200619 17:28:43.213" level="INFO">===== Execute   [CORE_基本查询/E071-03 EXCEPT DISTINCT table operator.sql] ========</msg>
<msg timestamp="20200619 17:28:43.213" level="INFO">===== LogFile   [D:\gcy\linkoop-auto-test\linkoopdb\regression\work\E071-03 EXCEPT DISTINCT table operator.log] ========</msg>
<msg timestamp="20200619 17:28:43.213" level="INFO">===== BreakMode [False] ========</msg>
<status status="PASS" starttime="20200619 17:28:43.212" endtime="20200619 17:28:44.204"></status>
</kw>
<kw name="Logon And Execute SQL Script" library="RunSQLCli">
<doc>执行SQL脚本</doc>
<arguments>
<arg>admin/123456</arg>
<arg>CORE_基本查询/E071-05 Columns combined via table operators need not have exactly the same data type.sql</arg>
</arguments>
<msg timestamp="20200619 17:28:44.205" level="INFO">===== Execute   [CORE_基本查询/E071-05 Columns combined via table operators need not have exactly the same data type.sql] ========</msg>
<msg timestamp="20200619 17:28:44.205" level="INFO">===== LogFile   [D:\gcy\linkoop-auto-test\linkoopdb\regression\work\E071-05 Columns combined via table operators need not have exactly the same data type.log] ========</msg>
<msg timestamp="20200619 17:28:44.205" level="INFO">===== BreakMode [False] ========</msg>
<status status="PASS" starttime="20200619 17:28:44.204" endtime="20200619 17:28:44.815"></status>
</kw>
<kw name="Logon And Execute SQL Script" library="RunSQLCli">
<doc>执行SQL脚本</doc>
<arguments>
<arg>admin/123456</arg>
<arg>CORE_基本查询/E071-06 Table operators in subqueries.sql</arg>
</arguments>
<msg timestamp="20200619 17:28:44.816" level="INFO">===== Execute   [CORE_基本查询/E071-06 Table operators in subqueries.sql] ========</msg>
<msg timestamp="20200619 17:28:44.817" level="INFO">===== LogFile   [D:\gcy\linkoop-auto-test\linkoopdb\regression\work\E071-06 Table operators in subqueries.log] ========</msg>
<msg timestamp="20200619 17:28:44.817" level="INFO">===== BreakMode [False] ========</msg>
<status status="PASS" starttime="20200619 17:28:44.816" endtime="20200619 17:28:45.325"></status>
</kw>
<kw name="Logon And Execute SQL Script" library="RunSQLCli">
<doc>执行SQL脚本</doc>
<arguments>
<arg>admin/123456</arg>
<arg>CORE_基本查询/LDBX107-03 Query with both system tables and user tables.sql</arg>
</arguments>
<msg timestamp="20200619 17:28:45.326" level="INFO">===== Execute   [CORE_基本查询/LDBX107-03 Query with both system tables and user tables.sql] ========</msg>
<msg timestamp="20200619 17:28:45.327" level="INFO">===== LogFile   [D:\gcy\linkoop-auto-test\linkoopdb\regression\work\LDBX107-03 Query with both system tables and user tables.log] ========</msg>
<msg timestamp="20200619 17:28:45.327" level="INFO">===== BreakMode [False] ========</msg>
<status status="PASS" starttime="20200619 17:28:45.326" endtime="20200619 17:28:46.204"></status>
</kw>
<kw name="Logon And Execute SQL Script" library="RunSQLCli">
<doc>执行SQL脚本</doc>
<arguments>
<arg>admin/123456</arg>
<arg>CORE_基础JOIN/F041-01 Inner join (but not necessarily the INNER keyword).sql</arg>
</arguments>
<msg timestamp="20200619 17:28:46.311" level="INFO">===== Execute   [CORE_基础JOIN/F041-01 Inner join (but not necessarily the INNER keyword).sql] ========</msg>
<msg timestamp="20200619 17:28:46.311" level="INFO">===== LogFile   [D:\gcy\linkoop-auto-test\linkoopdb\regression\work\F041-01 Inner join (but not necessarily the INNER keyword).log] ========</msg>
<msg timestamp="20200619 17:28:46.311" level="INFO">===== BreakMode [False] ========</msg>
<status status="PASS" starttime="20200619 17:28:46.205" endtime="20200619 17:28:47.009"></status>
</kw>
<kw name="Logon And Execute SQL Script" library="RunSQLCli">
<doc>执行SQL脚本</doc>
<arguments>
<arg>admin/123456</arg>
<arg>CORE_基础JOIN/F041-02 INNER keyword.sql</arg>
</arguments>
<msg timestamp="20200619 17:28:47.011" level="INFO">===== Execute   [CORE_基础JOIN/F041-02 INNER keyword.sql] ========</msg>
<msg timestamp="20200619 17:28:47.011" level="INFO">===== LogFile   [D:\gcy\linkoop-auto-test\linkoopdb\regression\work\F041-02 INNER keyword.log] ========</msg>
<msg timestamp="20200619 17:28:47.011" level="INFO">===== BreakMode [False] ========</msg>
<status status="PASS" starttime="20200619 17:28:47.010" endtime="20200619 17:28:47.614"></status>
</kw>
<kw name="Logon And Execute SQL Script" library="RunSQLCli">
<doc>执行SQL脚本</doc>
<arguments>
<arg>admin/123456</arg>
<arg>CORE_基础JOIN/F041-03 LEFT OUTER JOIN.sql</arg>
</arguments>
<msg timestamp="20200619 17:28:47.615" level="INFO">===== Execute   [CORE_基础JOIN/F041-03 LEFT OUTER JOIN.sql] ========</msg>
<msg timestamp="20200619 17:28:47.615" level="INFO">===== LogFile   [D:\gcy\linkoop-auto-test\linkoopdb\regression\work\F041-03 LEFT OUTER JOIN.log] ========</msg>
<msg timestamp="20200619 17:28:47.615" level="INFO">===== BreakMode [False] ========</msg>
<status status="PASS" starttime="20200619 17:28:47.614" endtime="20200619 17:28:48.254"></status>
</kw>
<kw name="Logon And Execute SQL Script" library="RunSQLCli">
<doc>执行SQL脚本</doc>
<arguments>
<arg>admin/123456</arg>
<arg>CORE_基础JOIN/F041-04 RIGHT OUTER JOIN.sql</arg>
</arguments>
<msg timestamp="20200619 17:28:48.255" level="INFO">===== Execute   [CORE_基础JOIN/F041-04 RIGHT OUTER JOIN.sql] ========</msg>
<msg timestamp="20200619 17:28:48.255" level="INFO">===== LogFile   [D:\gcy\linkoop-auto-test\linkoopdb\regression\work\F041-04 RIGHT OUTER JOIN.log] ========</msg>
<msg timestamp="20200619 17:28:48.255" level="INFO">===== BreakMode [False] ========</msg>
<status status="PASS" starttime="20200619 17:28:48.254" endtime="20200619 17:28:48.982"></status>
</kw>
<kw name="Logon And Execute SQL Script" library="RunSQLCli">
<doc>执行SQL脚本</doc>
<arguments>
<arg>admin/123456</arg>
<arg>CORE_基础JOIN/F041-05 Outer joins can be nested.sql</arg>
</arguments>
<msg timestamp="20200619 17:28:48.983" level="INFO">===== Execute   [CORE_基础JOIN/F041-05 Outer joins can be nested.sql] ========</msg>
<msg timestamp="20200619 17:28:48.983" level="INFO">===== LogFile   [D:\gcy\linkoop-auto-test\linkoopdb\regression\work\F041-05 Outer joins can be nested.log] ========</msg>
<msg timestamp="20200619 17:28:48.983" level="INFO">===== BreakMode [False] ========</msg>
<status status="PASS" starttime="20200619 17:28:48.982" endtime="20200619 17:28:49.759"></status>
</kw>
<kw name="Logon And Execute SQL Script" library="RunSQLCli">
<doc>执行SQL脚本</doc>
<arguments>
<arg>admin/123456</arg>
<arg>CORE_基础JOIN/F041-07 The inner table in a left or right outer join can also be used in an inner join.sql</arg>
</arguments>
<msg timestamp="20200619 17:28:49.760" level="INFO">===== Execute   [CORE_基础JOIN/F041-07 The inner table in a left or right outer join can also be used in an inner join.sql] ========</msg>
<msg timestamp="20200619 17:28:49.760" level="INFO">===== LogFile   [D:\gcy\linkoop-auto-test\linkoopdb\regression\work\F041-07 The inner table in a left or right outer join can also be used in an inner join.log] ========</msg>
<msg timestamp="20200619 17:28:49.761" level="INFO">===== BreakMode [False] ========</msg>
<status status="PASS" starttime="20200619 17:28:49.760" endtime="20200619 17:28:50.839"></status>
</kw>
<kw name="Logon And Execute SQL Script" library="RunSQLCli">
<doc>执行SQL脚本</doc>
<arguments>
<arg>admin/123456</arg>
<arg>CORE_基础JOIN/F401-04 CROSS JOIN.sql</arg>
</arguments>
<msg timestamp="20200619 17:28:50.840" level="INFO">===== Execute   [CORE_基础JOIN/F401-04 CROSS JOIN.sql] ========</msg>
<msg timestamp="20200619 17:28:50.840" level="INFO">===== LogFile   [D:\gcy\linkoop-auto-test\linkoopdb\regression\work\F401-04 CROSS JOIN.log] ========</msg>
<msg timestamp="20200619 17:28:50.840" level="INFO">===== BreakMode [False] ========</msg>
<status status="PASS" starttime="20200619 17:28:50.839" endtime="20200619 17:28:51.459"></status>
</kw>
<kw name="Logon And Execute SQL Script" library="RunSQLCli">
<doc>执行SQL脚本</doc>
<arguments>
<arg>admin/123456</arg>
<arg>CORE_基础JOIN/F041-08 All comparison operators are supported.sql</arg>
</arguments>
<msg timestamp="20200619 17:28:51.460" level="INFO">===== Execute   [CORE_基础JOIN/F041-08 All comparison operators are supported.sql] ========</msg>
<msg timestamp="20200619 17:28:51.461" level="INFO">===== LogFile   [D:\gcy\linkoop-auto-test\linkoopdb\regression\work\F041-08 All comparison operators are supported.log] ========</msg>
<msg timestamp="20200619 17:28:51.461" level="INFO">===== BreakMode [False] ========</msg>
<status status="PASS" starttime="20200619 17:28:51.459" endtime="20200619 17:28:52.140"></status>
</kw>
<kw name="Logon And Execute SQL Script" library="RunSQLCli">
<doc>执行SQL脚本</doc>
<arguments>
<arg>admin/123456</arg>
<arg>CORE_数据类型/E011-04 Arithmetic operators.sql</arg>
</arguments>
<msg timestamp="20200619 17:28:52.141" level="INFO">===== Execute   [CORE_数据类型/E011-04 Arithmetic operators.sql] ========</msg>
<msg timestamp="20200619 17:28:52.141" level="INFO">===== LogFile   [D:\gcy\linkoop-auto-test\linkoopdb\regression\work\E011-04 Arithmetic operators.log] ========</msg>
<msg timestamp="20200619 17:28:52.141" level="INFO">===== BreakMode [False] ========</msg>
<status status="PASS" starttime="20200619 17:28:52.141" endtime="20200619 17:28:52.553"></status>
</kw>
<kw name="Logon And Execute SQL Script" library="RunSQLCli">
<doc>执行SQL脚本</doc>
<arguments>
<arg>admin/123456</arg>
<arg>CORE_数据类型/E011-05 Numeric comparison.sql</arg>
</arguments>
<msg timestamp="20200619 17:28:52.555" level="INFO">===== Execute   [CORE_数据类型/E011-05 Numeric comparison.sql] ========</msg>
<msg timestamp="20200619 17:28:52.555" level="INFO">===== LogFile   [D:\gcy\linkoop-auto-test\linkoopdb\regression\work\E011-05 Numeric comparison.log] ========</msg>
<msg timestamp="20200619 17:28:52.555" level="INFO">===== BreakMode [False] ========</msg>
<status status="PASS" starttime="20200619 17:28:52.554" endtime="20200619 17:28:53.037"></status>
</kw>
<kw name="Logon And Execute SQL Script" library="RunSQLCli">
<doc>执行SQL脚本</doc>
<arguments>
<arg>admin/123456</arg>
<arg>CORE_数据类型/E011-06 Implicit casting among the numeric data types.sql</arg>
</arguments>
<msg timestamp="20200619 17:28:53.038" level="INFO">===== Execute   [CORE_数据类型/E011-06 Implicit casting among the numeric data types.sql] ========</msg>
<msg timestamp="20200619 17:28:53.038" level="INFO">===== LogFile   [D:\gcy\linkoop-auto-test\linkoopdb\regression\work\E011-06 Implicit casting among the numeric data types.log] ========</msg>
<msg timestamp="20200619 17:28:53.038" level="INFO">===== BreakMode [False] ========</msg>
<status status="PASS" starttime="20200619 17:28:53.037" endtime="20200619 17:28:55.413"></status>
</kw>
<kw name="Logon And Execute SQL Script" library="RunSQLCli">
<doc>执行SQL脚本</doc>
<arguments>
<arg>admin/123456</arg>
<arg>CORE_数据类型/E011_E021_F051.sql</arg>
</arguments>
<msg timestamp="20200619 17:28:55.415" level="INFO">===== Execute   [CORE_数据类型/E011_E021_F051.sql] ========</msg>
<msg timestamp="20200619 17:28:55.415" level="INFO">===== LogFile   [D:\gcy\linkoop-auto-test\linkoopdb\regression\work\E011_E021_F051.log] ========</msg>
<msg timestamp="20200619 17:28:55.415" level="INFO">===== BreakMode [False] ========</msg>
<status status="PASS" starttime="20200619 17:28:55.414" endtime="20200619 17:28:56.325"></status>
</kw>
<kw name="Logon And Execute SQL Script" library="RunSQLCli">
<doc>执行SQL脚本</doc>
<arguments>
<arg>admin/123456</arg>
<arg>CORE_数据类型/E021-03 Character literals.sql</arg>
</arguments>
<msg timestamp="20200619 17:28:56.326" level="INFO">===== Execute   [CORE_数据类型/E021-03 Character literals.sql] ========</msg>
<msg timestamp="20200619 17:28:56.326" level="INFO">===== LogFile   [D:\gcy\linkoop-auto-test\linkoopdb\regression\work\E021-03 Character literals.log] ========</msg>
<msg timestamp="20200619 17:28:56.326" level="INFO">===== BreakMode [False] ========</msg>
<status status="PASS" starttime="20200619 17:28:56.325" endtime="20200619 17:28:56.641"></status>
</kw>
<kw name="Logon And Execute SQL Script" library="RunSQLCli">
<doc>执行SQL脚本</doc>
<arguments>
<arg>admin/123456</arg>
<arg>CORE_数据类型/E021-function.sql</arg>
</arguments>
<msg timestamp="20200619 17:28:56.642" level="INFO">===== Execute   [CORE_数据类型/E021-function.sql] ========</msg>
<msg timestamp="20200619 17:28:56.642" level="INFO">===== LogFile   [D:\gcy\linkoop-auto-test\linkoopdb\regression\work\E021-function.log] ========</msg>
<msg timestamp="20200619 17:28:56.643" level="INFO">===== BreakMode [False] ========</msg>
<status status="PASS" starttime="20200619 17:28:56.641" endtime="20200619 17:28:57.655"></status>
</kw>
<kw name="Logon And Execute SQL Script" library="RunSQLCli">
<doc>执行SQL脚本</doc>
<arguments>
<arg>admin/123456</arg>
<arg>CORE_数据类型/E031-01-02-03.sql</arg>
</arguments>
<msg timestamp="20200619 17:28:57.656" level="INFO">===== Execute   [CORE_数据类型/E031-01-02-03.sql] ========</msg>
<msg timestamp="20200619 17:28:57.656" level="INFO">===== LogFile   [D:\gcy\linkoop-auto-test\linkoopdb\regression\work\E031-01-02-03.log] ========</msg>
<msg timestamp="20200619 17:28:57.656" level="INFO">===== BreakMode [False] ========</msg>
<status status="PASS" starttime="20200619 17:28:57.655" endtime="20200619 17:28:58.361"></status>
</kw>
<kw name="Logon And Execute SQL Script" library="RunSQLCli">
<doc>执行SQL脚本</doc>
<arguments>
<arg>admin/123456</arg>
<arg>CORE_数据类型/F051-01 DATE data type (including support of DATE literal).sql</arg>
</arguments>
<msg timestamp="20200619 17:28:58.362" level="INFO">===== Execute   [CORE_数据类型/F051-01 DATE data type (including support of DATE literal).sql] ========</msg>
<msg timestamp="20200619 17:28:58.363" level="INFO">===== LogFile   [D:\gcy\linkoop-auto-test\linkoopdb\regression\work\F051-01 DATE data type (including support of DATE literal).log] ========</msg>
<msg timestamp="20200619 17:28:58.363" level="INFO">===== BreakMode [False] ========</msg>
<status status="PASS" starttime="20200619 17:28:58.361" endtime="20200619 17:28:58.678"></status>
</kw>
<kw name="Logon And Execute SQL Script" library="RunSQLCli">
<doc>执行SQL脚本</doc>
<arguments>
<arg>admin/123456</arg>
<arg>CORE_数据类型/F051-03 TIMESTAMP data type.sql</arg>
</arguments>
<msg timestamp="20200619 17:28:58.679" level="INFO">===== Execute   [CORE_数据类型/F051-03 TIMESTAMP data type.sql] ========</msg>
<msg timestamp="20200619 17:28:58.679" level="INFO">===== LogFile   [D:\gcy\linkoop-auto-test\linkoopdb\regression\work\F051-03 TIMESTAMP data type.log] ========</msg>
<msg timestamp="20200619 17:28:58.679" level="INFO">===== BreakMode [False] ========</msg>
<status status="PASS" starttime="20200619 17:28:58.678" endtime="20200619 17:28:59.345"></status>
</kw>
<kw name="Logon And Execute SQL Script" library="RunSQLCli">
<doc>执行SQL脚本</doc>
<arguments>
<arg>admin/123456</arg>
<arg>CORE_数据类型/F051-04 Comparison predicate on DATE, TIME, and TIMESTAMP data types.sql</arg>
</arguments>
<msg timestamp="20200619 17:28:59.346" level="INFO">===== Execute   [CORE_数据类型/F051-04 Comparison predicate on DATE, TIME, and TIMESTAMP data types.sql] ========</msg>
<msg timestamp="20200619 17:28:59.347" level="INFO">===== LogFile   [D:\gcy\linkoop-auto-test\linkoopdb\regression\work\F051-04 Comparison predicate on DATE, TIME, and TIMESTAMP data types.log] ========</msg>
<msg timestamp="20200619 17:28:59.347" level="INFO">===== BreakMode [False] ========</msg>
<status status="PASS" starttime="20200619 17:28:59.345" endtime="20200619 17:29:03.579"></status>
</kw>
<kw name="Logon And Execute SQL Script" library="RunSQLCli">
<doc>执行SQL脚本</doc>
<arguments>
<arg>admin/123456</arg>
<arg>CORE_数据类型/F051-05 Explicit CAST between datetime types and character string types.sql</arg>
</arguments>
<msg timestamp="20200619 17:29:03.581" level="INFO">===== Execute   [CORE_数据类型/F051-05 Explicit CAST between datetime types and character string types.sql] ========</msg>
<msg timestamp="20200619 17:29:03.662" level="INFO">===== LogFile   [D:\gcy\linkoop-auto-test\linkoopdb\regression\work\F051-05 Explicit CAST between datetime types and character string types.log] ========</msg>
<msg timestamp="20200619 17:29:03.663" level="INFO">===== BreakMode [False] ========</msg>
<status status="PASS" starttime="20200619 17:29:03.580" endtime="20200619 17:29:05.866"></status>
</kw>
<kw name="Logon And Execute SQL Script" library="RunSQLCli">
<doc>执行SQL脚本</doc>
<arguments>
<arg>admin/123456</arg>
<arg>CORE_数据类型/F051-06 CURRENT_DATE.sql</arg>
</arguments>
<msg timestamp="20200619 17:29:05.867" level="INFO">===== Execute   [CORE_数据类型/F051-06 CURRENT_DATE.sql] ========</msg>
<msg timestamp="20200619 17:29:05.868" level="INFO">===== LogFile   [D:\gcy\linkoop-auto-test\linkoopdb\regression\work\F051-06 CURRENT_DATE.log] ========</msg>
<msg timestamp="20200619 17:29:05.868" level="INFO">===== BreakMode [False] ========</msg>
<status status="PASS" starttime="20200619 17:29:05.866" endtime="20200619 17:29:06.008"></status>
</kw>
<kw name="Logon And Execute SQL Script" library="RunSQLCli">
<doc>执行SQL脚本</doc>
<arguments>
<arg>admin/123456</arg>
<arg>CORE_数据类型/F051-07-08 LOCALTIME_LOCALTIMESTAMP.sql</arg>
</arguments>
<msg timestamp="20200619 17:29:06.010" level="INFO">===== Execute   [CORE_数据类型/F051-07-08 LOCALTIME_LOCALTIMESTAMP.sql] ========</msg>
<msg timestamp="20200619 17:29:06.010" level="INFO">===== LogFile   [D:\gcy\linkoop-auto-test\linkoopdb\regression\work\F051-07-08 LOCALTIME_LOCALTIMESTAMP.log] ========</msg>
<msg timestamp="20200619 17:29:06.010" level="INFO">===== BreakMode [False] ========</msg>
<status status="PASS" starttime="20200619 17:29:06.009" endtime="20200619 17:29:06.150"></status>
</kw>
<kw name="Logon And Execute SQL Script" library="RunSQLCli">
<doc>执行SQL脚本</doc>
<arguments>
<arg>admin/123456</arg>
<arg>CORE_集合函数/E091-01 AVG.sql</arg>
</arguments>
<msg timestamp="20200619 17:29:06.151" level="INFO">===== Execute   [CORE_集合函数/E091-01 AVG.sql] ========</msg>
<msg timestamp="20200619 17:29:06.151" level="INFO">===== LogFile   [D:\gcy\linkoop-auto-test\linkoopdb\regression\work\E091-01 AVG.log] ========</msg>
<msg timestamp="20200619 17:29:06.151" level="INFO">===== BreakMode [False] ========</msg>
<status status="PASS" starttime="20200619 17:29:06.150" endtime="20200619 17:29:06.619"></status>
</kw>
<kw name="Logon And Execute SQL Script" library="RunSQLCli">
<doc>执行SQL脚本</doc>
<arguments>
<arg>admin/123456</arg>
<arg>CORE_集合函数/E091-02 COUNT.sql</arg>
</arguments>
<msg timestamp="20200619 17:29:06.638" level="INFO">===== Execute   [CORE_集合函数/E091-02 COUNT.sql] ========</msg>
<msg timestamp="20200619 17:29:06.638" level="INFO">===== LogFile   [D:\gcy\linkoop-auto-test\linkoopdb\regression\work\E091-02 COUNT.log] ========</msg>
<msg timestamp="20200619 17:29:06.638" level="INFO">===== BreakMode [False] ========</msg>
<status status="PASS" starttime="20200619 17:29:06.619" endtime="20200619 17:29:06.994"></status>
</kw>
<kw name="Logon And Execute SQL Script" library="RunSQLCli">
<doc>执行SQL脚本</doc>
<arguments>
<arg>admin/123456</arg>
<arg>CORE_集合函数/E091-03 MAX.sql</arg>
</arguments>
<msg timestamp="20200619 17:29:06.995" level="INFO">===== Execute   [CORE_集合函数/E091-03 MAX.sql] ========</msg>
<msg timestamp="20200619 17:29:06.995" level="INFO">===== LogFile   [D:\gcy\linkoop-auto-test\linkoopdb\regression\work\E091-03 MAX.log] ========</msg>
<msg timestamp="20200619 17:29:06.996" level="INFO">===== BreakMode [False] ========</msg>
<status status="PASS" starttime="20200619 17:29:06.994" endtime="20200619 17:29:07.415"></status>
</kw>
<kw name="Logon And Execute SQL Script" library="RunSQLCli">
<doc>执行SQL脚本</doc>
<arguments>
<arg>admin/123456</arg>
<arg>CORE_集合函数/E091-04 MIN.sql</arg>
</arguments>
<msg timestamp="20200619 17:29:07.416" level="INFO">===== Execute   [CORE_集合函数/E091-04 MIN.sql] ========</msg>
<msg timestamp="20200619 17:29:07.417" level="INFO">===== LogFile   [D:\gcy\linkoop-auto-test\linkoopdb\regression\work\E091-04 MIN.log] ========</msg>
<msg timestamp="20200619 17:29:07.417" level="INFO">===== BreakMode [False] ========</msg>
<status status="PASS" starttime="20200619 17:29:07.416" endtime="20200619 17:29:07.873"></status>
</kw>
<kw name="Logon And Execute SQL Script" library="RunSQLCli">
<doc>执行SQL脚本</doc>
<arguments>
<arg>admin/123456</arg>
<arg>CORE_集合函数/E091-05 SUM.sql</arg>
</arguments>
<msg timestamp="20200619 17:29:07.874" level="INFO">===== Execute   [CORE_集合函数/E091-05 SUM.sql] ========</msg>
<msg timestamp="20200619 17:29:07.874" level="INFO">===== LogFile   [D:\gcy\linkoop-auto-test\linkoopdb\regression\work\E091-05 SUM.log] ========</msg>
<msg timestamp="20200619 17:29:07.874" level="INFO">===== BreakMode [False] ========</msg>
<status status="PASS" starttime="20200619 17:29:07.873" endtime="20200619 17:29:08.704"></status>
</kw>
<kw name="Logon And Execute SQL Script" library="RunSQLCli">
<doc>执行SQL脚本</doc>
<arguments>
<arg>admin/123456</arg>
<arg>CORE_集合函数/E091-07 DISTINCT quantifier.sql</arg>
</arguments>
<msg timestamp="20200619 17:29:08.706" level="INFO">===== Execute   [CORE_集合函数/E091-07 DISTINCT quantifier.sql] ========</msg>
<msg timestamp="20200619 17:29:08.706" level="INFO">===== LogFile   [D:\gcy\linkoop-auto-test\linkoopdb\regression\work\E091-07 DISTINCT quantifier.log] ========</msg>
<msg timestamp="20200619 17:29:08.706" level="INFO">===== BreakMode [False] ========</msg>
<status status="PASS" starttime="20200619 17:29:08.704" endtime="20200619 17:29:09.050"></status>
</kw>
<kw name="Logon And Execute SQL Script" library="RunSQLCli">
<doc>执行SQL脚本</doc>
<arguments>
<arg>admin/123456</arg>
<arg>LDB EXT Statistics 采集/LDBX001 ANALYZE statement to collect statistics.sql</arg>
</arguments>
<msg timestamp="20200619 17:29:09.051" level="INFO">===== Execute   [LDB EXT Statistics 采集/LDBX001 ANALYZE statement to collect statistics.sql] ========</msg>
<msg timestamp="20200619 17:29:09.051" level="INFO">===== LogFile   [D:\gcy\linkoop-auto-test\linkoopdb\regression\work\LDBX001 ANALYZE statement to collect statistics.log] ========</msg>
<msg timestamp="20200619 17:29:09.051" level="INFO">===== BreakMode [False] ========</msg>
<status status="PASS" starttime="20200619 17:29:09.050" endtime="20200619 17:29:09.520"></status>
</kw>
<kw name="Logon And Execute SQL Script" library="RunSQLCli">
<doc>执行SQL脚本</doc>
<arguments>
<arg>admin/123456</arg>
<arg>LDB EXT Statistics 采集/LDBX001-01 Basic ANALYZE.sql</arg>
</arguments>
<msg timestamp="20200619 17:29:09.521" level="INFO">===== Execute   [LDB EXT Statistics 采集/LDBX001-01 Basic ANALYZE.sql] ========</msg>
<msg timestamp="20200619 17:29:09.521" level="INFO">===== LogFile   [D:\gcy\linkoop-auto-test\linkoopdb\regression\work\LDBX001-01 Basic ANALYZE.log] ========</msg>
<msg timestamp="20200619 17:29:09.521" level="INFO">===== BreakMode [False] ========</msg>
<status status="PASS" starttime="20200619 17:29:09.520" endtime="20200619 17:29:09.859"></status>
</kw>
<kw name="Logon And Execute SQL Script" library="RunSQLCli">
<doc>执行SQL脚本</doc>
<arguments>
<arg>admin/123456</arg>
<arg>LDB EXT Statistics 采集/LDBX001-02 DELETE STATISTICS.sql</arg>
</arguments>
<msg timestamp="20200619 17:29:09.860" level="INFO">===== Execute   [LDB EXT Statistics 采集/LDBX001-02 DELETE STATISTICS.sql] ========</msg>
<msg timestamp="20200619 17:29:09.861" level="INFO">===== LogFile   [D:\gcy\linkoop-auto-test\linkoopdb\regression\work\LDBX001-02 DELETE STATISTICS.log] ========</msg>
<msg timestamp="20200619 17:29:09.861" level="INFO">===== BreakMode [False] ========</msg>
<status status="PASS" starttime="20200619 17:29:09.860" endtime="20200619 17:29:10.434"></status>
</kw>
<kw name="Logon And Execute SQL Script" library="RunSQLCli">
<doc>执行SQL脚本</doc>
<arguments>
<arg>admin/123456</arg>
<arg>LDB EXT Statistics 采集/LDBX001-08 linkoopdb 执行计划.sql</arg>
</arguments>
<msg timestamp="20200619 17:29:10.435" level="INFO">===== Execute   [LDB EXT Statistics 采集/LDBX001-08 linkoopdb 执行计划.sql] ========</msg>
<msg timestamp="20200619 17:29:10.435" level="INFO">===== LogFile   [D:\gcy\linkoop-auto-test\linkoopdb\regression\work\LDBX001-08 linkoopdb 执行计划.log] ========</msg>
<msg timestamp="20200619 17:29:10.435" level="INFO">===== BreakMode [False] ========</msg>
<status status="PASS" starttime="20200619 17:29:10.435" endtime="20200619 17:29:10.774"></status>
</kw>
<kw name="Logon And Execute SQL Script" library="RunSQLCli">
<doc>执行SQL脚本</doc>
<arguments>
<arg>admin/123456</arg>
<arg>LDB_EXT_External_Table/LDBX022-07 alter external table statement.sql</arg>
</arguments>
<msg timestamp="20200619 17:29:10.775" level="INFO">===== Execute   [LDB_EXT_External_Table/LDBX022-07 alter external table statement.sql] ========</msg>
<msg timestamp="20200619 17:29:10.775" level="INFO">===== LogFile   [D:\gcy\linkoop-auto-test\linkoopdb\regression\work\LDBX022-07 alter external table statement.log] ========</msg>
<msg timestamp="20200619 17:29:10.775" level="INFO">===== BreakMode [False] ========</msg>
<status status="PASS" starttime="20200619 17:29:10.774" endtime="20200619 17:29:10.965"></status>
</kw>
<kw name="Logon And Execute SQL Script" library="RunSQLCli">
<doc>执行SQL脚本</doc>
<arguments>
<arg>admin/123456</arg>
<arg>LDB_EXT_External_Table/LDBX022-08 create external table by parquet_hive.sql</arg>
</arguments>
<msg timestamp="20200619 17:29:10.967" level="INFO">===== Execute   [LDB_EXT_External_Table/LDBX022-08 create external table by parquet_hive.sql] ========</msg>
<msg timestamp="20200619 17:29:10.967" level="INFO">===== LogFile   [D:\gcy\linkoop-auto-test\linkoopdb\regression\work\LDBX022-08 create external table by parquet_hive.log] ========</msg>
<msg timestamp="20200619 17:29:10.967" level="INFO">===== BreakMode [False] ========</msg>
<status status="PASS" starttime="20200619 17:29:10.966" endtime="20200619 17:29:11.279"></status>
</kw>
<kw name="Logon And Execute SQL Script" library="RunSQLCli">
<doc>执行SQL脚本</doc>
<arguments>
<arg>admin/123456</arg>
<arg>LDB_EXT_External_Table/LDBX022-12 ORC file as external table.sql</arg>
</arguments>
<msg timestamp="20200619 17:29:11.280" level="INFO">===== Execute   [LDB_EXT_External_Table/LDBX022-12 ORC file as external table.sql] ========</msg>
<msg timestamp="20200619 17:29:11.280" level="INFO">===== LogFile   [D:\gcy\linkoop-auto-test\linkoopdb\regression\work\LDBX022-12 ORC file as external table.log] ========</msg>
<msg timestamp="20200619 17:29:11.280" level="INFO">===== BreakMode [False] ========</msg>
<status status="PASS" starttime="20200619 17:29:11.279" endtime="20200619 17:29:11.455"></status>
</kw>
<kw name="Compare Files" library="RunCompare">
<doc>比较两个文件是否一致</doc>
<arguments>
<arg>CORE 基本安全与授权/E081-01 SELECT privilege at the table level.log</arg>
<arg>CORE 基本安全与授权/E081-01 SELECT privilege at the table level.ref</arg>
</arguments>
<msg timestamp="20200619 17:29:11.555" level="FAIL">===============   work log [CORE 基本安全与授权/E081-01 SELECT privilege at the table level.log] does not exist ============</msg>
<status status="FAIL" starttime="20200619 17:29:11.455" endtime="20200619 17:29:11.555"></status>
</kw>
<kw name="SQL Test Clnup" library="SetupRobot" type="teardown">
<kw name="Compare Check Result" library="RunCompare">
<doc>检查日志比对的失败次数，如果不是0，即抛出异常</doc>
<msg timestamp="20200619 17:29:11.556" level="FAIL">Total [1] difs Found. Please double check.</msg>
<status status="FAIL" starttime="20200619 17:29:11.556" endtime="20200619 17:29:11.556"></status>
</kw>
<status status="FAIL" starttime="20200619 17:29:11.555" endtime="20200619 17:29:11.556">Total [1] difs Found. Please double check.</status>
</kw>
<doc>冒烟测试</doc>
<tags>
<tag>smoke test</tag>
<tag>SQL-Test</tag>
</tags>
<status status="FAIL" starttime="20200619 17:23:59.605" endtime="20200619 17:29:11.556" critical="yes">===============   work log [CORE 基本安全与授权/E081-01 SELECT privilege at the table level.log] does not exist ============

Also teardown failed:
Total [1] difs Found. Please double check.</status>
</test>
<doc>RobotFrameWork文档实例
这里的文档内容会出现在报告里面</doc>
<status status="FAIL" starttime="20200619 17:23:59.068" endtime="20200619 17:29:11.557"></status>
</suite>
<statistics>
<total>
<stat pass="0" fail="1">Critical Tests</stat>
<stat pass="0" fail="1">All Tests</stat>
</total>
<tag>
<stat pass="0" fail="1">smoke test</stat>
<stat pass="0" fail="1">SQL-Test</stat>
</tag>
<suite>
<stat pass="0" fail="1" id="s1" name="Smoke One">Smoke One</stat>
</suite>
</statistics>
<errors>
</errors>
</robot>
